[2023-05-21 01:15:57] my_logger.INFO: Ticket list [] []
[2023-05-21 01:17:16] my_logger.INFO: Ticket list [] []
[2023-05-21 01:22:18] my_logger.INFO: Ticket list [] []
[2023-05-21 01:22:20] my_logger.INFO: Ticket list [] []
[2023-05-21 01:26:48] my_logger.INFO: Ticket list [] []
[2023-05-21 01:31:19] my_logger.INFO: Ticket list [] []
[2023-05-21 01:39:22] my_logger.INFO: Ticket list [] []
[2023-05-21 01:39:24] my_logger.INFO: Ticket list [] []
[2023-05-21 01:42:13] my_logger.INFO: Ticket list [] []
[2023-05-21 01:42:59] my_logger.INFO: Ticket list [] []
[2023-05-21 01:50:08] my_logger.INFO: Ticket list [] []
[2023-05-21 01:51:11] my_logger.INFO: Ticket list [] []
[2023-05-21 01:52:12] my_logger.INFO: Ticket list [] []
[2023-05-21 01:52:57] my_logger.INFO: Ticket list [] []
[2023-05-21 01:53:08] my_logger.INFO: Ticket list [] []
[2023-05-21 02:12:58] my_logger.INFO: Ticket list [] []
[2023-05-21 02:12:59] my_logger.INFO: Ticket list [] []
[2023-05-21 02:13:05] my_logger.INFO: Ticket list [] []
[2023-05-21 02:17:39] my_logger.INFO: Ticket list [] []
[2023-05-21 02:19:04] my_logger.INFO: Ticket list [] []
[2023-05-21 02:29:25] my_logger.INFO: Ticket list [] []
[2023-05-21 15:56:48] my_logger.INFO: Ticket list [] []
[2023-05-21 17:30:09] my_logger.INFO: Ticket list [] []
[2023-05-21 17:30:18] my_logger.INFO: Ticket list [] []
[2023-05-21 18:04:42] my_logger.INFO: Ticket list [] []
[2023-05-21 18:10:01] my_logger.INFO: Ticket list [] []
[2023-05-21 18:10:43] my_logger.INFO: Ticket list [] []
[2023-05-21 18:17:19] my_logger.INFO: Ticket list [] []
[2023-05-21 18:17:19] my_logger.INFO: You got tickets [] []
[2023-05-21 18:17:21] my_logger.INFO: Ticket list [] []
[2023-05-21 18:17:22] my_logger.INFO: You got tickets [] []
[2023-05-21 18:20:26] my_logger.INFO: Ticket list [] []
[2023-05-21 18:25:26] my_logger.INFO: Ticket list [] []
[2023-05-21 18:25:26] my_logger.INFO: tickets were displayed [] []
[2023-05-21 18:26:59] my_logger.INFO: Ticket list [] []
[2023-05-21 18:26:59] my_logger.INFO: tickets were displayed [] []
[2023-05-21 18:31:28] my_logger.INFO: Ticket list [] []
[2023-05-21 18:31:38] my_logger.INFO: Ticket list [] []
[2023-05-21 19:32:12] my_logger.INFO: Ticket list [] []
[2023-05-21 19:34:38] my_logger.INFO: Ticket list [] []
[2023-05-21 19:35:38] my_logger.INFO: Ticket list [] []
[2023-05-21 19:36:34] my_logger.INFO: Ticket list [] []
[2023-05-21 19:50:51] my_logger.INFO: Ticket list [] []
[2023-05-21 20:00:00] my_logger.INFO: Ticket list [] []
[2023-05-21 20:02:41] my_logger.INFO: Ticket list [] []
[2023-05-21 20:05:23] my_logger.INFO: Ticket list [] []
[2023-05-21 21:54:17] my_logger.INFO: Ticket list [] []
[2023-05-21 21:57:20] my_logger.INFO: Employee list [] []
[2023-05-21 21:57:33] my_logger.INFO: Employee list [] []
[2023-05-21 22:01:25] my_logger.INFO: Employee list [] []
[2023-05-21 22:01:28] my_logger.INFO: Employee list [] []
[2023-05-21 22:01:39] my_logger.INFO: Employee list [] []
[2023-05-21 22:02:51] my_logger.INFO: Employee list [] []
[2023-05-21 22:02:52] my_logger.INFO: Employee list [] []
[2023-05-21 22:02:53] my_logger.INFO: Employee list [] []
[2023-05-21 22:03:14] my_logger.INFO: Employee list [] []
[2023-05-21 22:03:35] my_logger.INFO: Employee list [] []
[2023-05-21 22:03:38] my_logger.INFO: Employee list [] []
[2023-05-21 22:03:38] my_logger.INFO: Employee list [] []
[2023-05-21 22:03:38] my_logger.INFO: Employee list [] []
[2023-05-21 22:04:31] my_logger.INFO: Employee list [] []
[2023-05-21 22:04:33] my_logger.INFO: Employee list [] []
[2023-05-21 22:04:44] my_logger.INFO: Employee list [] []
[2023-05-21 22:07:13] my_logger.INFO: Employee list [] []
[2023-05-21 22:07:33] my_logger.INFO: Employee list [] []
[2023-05-21 22:10:27] my_logger.INFO: Employee list [] []
[2023-05-21 22:10:50] my_logger.INFO: Employee list [] []
[2023-05-21 22:38:57] my_logger.INFO: Employee list [] []
[2023-05-21 22:39:00] my_logger.INFO: Employee list [] []
[2023-05-21 22:39:33] my_logger.INFO: Employee list [] []
[2023-05-21 22:47:11] my_logger.INFO: Employee list [] []
[2023-05-21 22:56:36] my_logger.INFO: Employee list [] []
[2023-05-21 22:58:01] my_logger.INFO: Employee list [] []
[2023-05-21 22:58:08] my_logger.INFO: Employee list [] []
[2023-05-21 23:00:09] my_logger.INFO: Employee list [] []
[2023-05-21 23:00:16] my_logger.INFO: Employee list [] []
[2023-05-21 23:00:28] my_logger.INFO: Employee list [] []
[2023-05-21 23:01:25] my_logger.INFO: Employee list [] []
[2023-05-21 23:02:05] my_logger.INFO: Employee list [] []
[2023-05-21 23:02:44] my_logger.INFO: Employee list [] []
[2023-05-21 23:08:57] my_logger.INFO: Employee list [] []
[2023-05-21 23:09:19] my_logger.INFO: Employee list [] []
[2023-05-21 23:19:32] my_logger.INFO: Employee list [] []
[2023-05-21 23:23:13] my_logger.INFO: Employee list [] []
[2023-05-21 23:23:32] my_logger.INFO: Employee list [] []
[2023-05-21 23:34:53] my_logger.INFO: Employee list [] []
[2023-05-21 23:36:57] my_logger.INFO: Employee list [] []
[2023-05-21 23:37:25] my_logger.INFO: Employee list [] []
[2023-05-21 23:37:31] my_logger.INFO: Employee list [] []
[2023-05-21 23:37:36] my_logger.INFO: Employee list [] []
[2023-05-21 23:38:18] my_logger.INFO: Employee list [] []
[2023-05-21 23:38:39] my_logger.INFO: Employee list [] []
[2023-05-21 23:39:18] my_logger.INFO: Employee list [] []
[2023-05-21 23:39:21] my_logger.INFO: Employee list [] []
[2023-05-21 23:40:25] my_logger.INFO: Employee list [] []
[2023-05-21 23:40:41] my_logger.INFO: Employee list [] []
[2023-05-22 00:01:16] my_logger.INFO: Employee list [] []
[2023-05-22 00:01:24] my_logger.INFO: Employee list [] []
[2023-05-22 00:02:13] my_logger.INFO: Employee list [] []
[2023-05-22 00:07:14] my_logger.INFO: Employee list [] []
[2023-05-22 00:25:04] my_logger.INFO: Employee list [] []
[2023-05-22 00:41:38] my_logger.INFO: Employee list [] []
[2023-05-22 00:41:52] my_logger.INFO: Employee list [] []
[2023-05-22 09:51:03] my_logger.INFO: Employee list [] []
[2023-05-22 10:02:43] my_logger.INFO: Employee list [] []
[2023-05-22 10:02:52] my_logger.INFO: Employee list [] []
[2023-05-22 10:25:50] my_logger.INFO: Employee list [] []
[2023-05-22 10:26:11] my_logger.INFO: Employee list [] []
[2023-05-22 11:59:09] my_logger.INFO: Employee list [] []
[2023-05-22 12:10:55] my_logger.INFO: Employee list [] []
[2023-05-22 12:11:27] my_logger.INFO: Employee list [] []
[2023-05-22 12:11:28] my_logger.INFO: Employee list [] []
[2023-05-22 12:11:29] my_logger.INFO: Employee list [] []
[2023-05-22 12:16:09] my_logger.INFO: Employee list [] []
[2023-05-22 12:17:40] my_logger.INFO: Employee list [] []
[2023-05-22 12:19:03] my_logger.INFO: Employee list [] []
[2023-05-22 12:19:03] my_logger.INFO: Employee list [] []
[2023-05-22 12:19:46] my_logger.INFO: Employee list [] []
[2023-05-22 12:20:51] my_logger.INFO: Employee list [] []
[2023-05-22 12:21:06] my_logger.INFO: Employee list [] []
[2023-05-22 12:21:07] my_logger.INFO: Employee list [] []
[2023-05-22 12:21:30] my_logger.INFO: Employee list [] []
[2023-05-22 12:21:44] my_logger.INFO: Employee list [] []
[2023-05-22 12:22:47] my_logger.INFO: Employee list [] []
[2023-05-22 12:35:04] my_logger.INFO: Employee list [] []
[2023-05-22 12:53:27] my_logger.INFO: Employee list [] []
[2023-05-22 12:53:28] my_logger.INFO: Employee list [] []
[2023-05-22 13:00:09] my_logger.INFO: Employee list [] []
[2023-05-22 13:00:55] my_logger.INFO: Employee list [] []
[2023-05-22 13:02:21] my_logger.INFO: Employee list [] []
[2023-05-22 13:07:59] my_logger.INFO: Employee list [] []
[2023-05-22 13:08:34] my_logger.INFO: Employee list [] []
[2023-05-22 13:14:37] my_logger.INFO: Employee list [] []
[2023-05-22 13:17:13] my_logger.INFO: Employee list [] []
[2023-05-22 14:26:38] my_logger.INFO: Employee list [] []
[2023-05-22 15:31:22] my_logger.INFO: Employee list [] []
[2023-05-22 16:24:05] my_logger.INFO: Employee list [] []
[2023-05-22 17:27:07] my_logger.INFO: Employee list [] []
[2023-05-22 18:13:51] my_logger.INFO: Employee list [] []
[2023-05-22 18:14:01] my_logger.INFO: Employee list [] []
[2023-05-22 18:14:39] my_logger.INFO: Employee list [] []
[2023-05-22 19:31:40] my_logger.INFO: Employee list [] []
[2023-05-22 19:35:10] my_logger.INFO: Employee list [] []
[2023-05-22 19:35:26] my_logger.INFO: Employee list [] []
[2023-05-22 19:36:59] my_logger.INFO: Employee list [] []
[2023-05-22 19:38:40] my_logger.INFO: Employee list [] []
[2023-05-22 19:39:54] my_logger.INFO: Employee list [] []
[2023-05-22 19:40:47] my_logger.INFO: Employee list [] []
[2023-05-22 19:41:45] my_logger.INFO: Employee list [] []
[2023-05-22 19:42:23] my_logger.INFO: Employee list [] []
[2023-05-22 19:42:46] my_logger.INFO: Employee list [] []
[2023-05-22 19:43:00] my_logger.INFO: Employee list [] []
[2023-05-22 19:43:46] my_logger.INFO: Employee list [] []
[2023-05-22 19:44:59] my_logger.INFO: Employee list [] []
[2023-05-22 19:45:01] my_logger.INFO: Employee list [] []
[2023-05-22 19:45:41] my_logger.INFO: Employee list [] []
[2023-05-22 19:46:14] my_logger.INFO: Employee list [] []
[2023-05-22 19:47:18] my_logger.INFO: Employee list [] []
[2023-05-22 19:48:10] my_logger.INFO: Employee list [] []
[2023-05-22 19:49:02] my_logger.INFO: Employee list [] []
[2023-05-22 19:59:59] my_logger.INFO: Employee list [] []
[2023-05-22 20:01:47] my_logger.INFO: Employee list [] []
[2023-05-22 20:16:01] my_logger.INFO: Employee list [] []
[2023-05-22 20:16:08] my_logger.INFO: Employee list [] []
[2023-05-22 20:16:27] my_logger.INFO: Employee list [] []
[2023-05-22 20:17:51] my_logger.INFO: Employee list [] []
[2023-05-22 20:18:37] my_logger.INFO: Employee list [] []
[2023-05-22 20:21:03] my_logger.INFO: Employee list [] []
[2023-05-22 20:21:17] my_logger.INFO: Employee list [] []
[2023-05-22 20:21:34] my_logger.INFO: Employee list [] []
[2023-05-22 20:22:02] my_logger.INFO: Employee list [] []
[2023-05-22 20:23:06] my_logger.INFO: Employee list [] []
[2023-05-22 20:23:17] my_logger.INFO: Employee list [] []
[2023-05-22 20:23:34] my_logger.INFO: Employee list [] []
[2023-05-22 20:36:11] my_logger.INFO: Employee list [] []
[2023-05-22 20:36:36] my_logger.INFO: Employee list [] []
[2023-05-22 20:36:58] my_logger.INFO: Employee list [] []
[2023-05-22 20:37:17] my_logger.INFO: Employee list [] []
[2023-05-22 20:37:33] my_logger.INFO: Employee list [] []
[2023-05-22 20:38:29] my_logger.INFO: Employee list [] []
[2023-05-22 20:38:40] my_logger.INFO: Employee list [] []
[2023-05-22 20:39:30] my_logger.INFO: Employee list [] []
[2023-05-22 20:52:13] my_logger.INFO: Employee list [] []
[2023-05-22 20:52:28] my_logger.INFO: Employee list [] []
[2023-05-22 20:57:55] my_logger.INFO: Employee list [] []
[2023-05-22 20:58:47] my_logger.INFO: Employee list [] []
[2023-05-22 21:06:17] my_logger.INFO: Employee list [] []
[2023-05-22 21:06:58] my_logger.INFO: Employee list [] []
[2023-05-22 21:11:31] my_logger.INFO: Employee list [] []
[2023-05-22 21:12:16] my_logger.INFO: Employee list [] []
[2023-05-22 21:12:19] my_logger.INFO: Employee list [] []
[2023-05-22 21:36:31] my_logger.INFO: Employee list [] []
[2023-05-22 21:36:50] my_logger.INFO: Employee list [] []
[2023-05-22 21:45:28] my_logger.INFO: Employee list [] []
[2023-05-22 21:45:34] my_logger.INFO: Employee list [] []
[2023-05-22 22:22:26] my_logger.INFO: Employee list [] []
[2023-05-22 22:26:17] my_logger.INFO: Employee list [] []
[2023-05-22 22:29:13] my_logger.INFO: Employee list [] []
[2023-05-22 22:29:43] my_logger.INFO: Employee list [] []
[2023-05-22 22:35:58] my_logger.INFO: Employee list [] []
[2023-05-22 22:38:33] my_logger.INFO: Employee list [] []
[2023-05-22 22:39:11] my_logger.INFO: Employee list [] []
[2023-05-22 22:40:58] my_logger.INFO: Employee list [] []
[2023-05-22 22:41:57] my_logger.INFO: Employee list [] []
[2023-05-22 22:42:33] my_logger.INFO: Employee list [] []
[2023-05-22 22:43:41] my_logger.INFO: Employee list [] []
[2023-05-22 22:43:43] my_logger.INFO: Employee list [] []
[2023-05-22 22:43:55] my_logger.INFO: Employee list [] []
[2023-05-22 22:46:30] my_logger.INFO: Employee list [] []
[2023-05-22 22:46:58] my_logger.INFO: Employee list [] []
[2023-05-22 22:47:58] my_logger.INFO: Employee list [] []
[2023-05-22 22:50:24] my_logger.INFO: Employee list [] []
[2023-05-22 22:52:19] my_logger.INFO: Employee list [] []
[2023-05-22 22:52:47] my_logger.INFO: Employee list [] []
[2023-05-22 22:55:06] my_logger.INFO: Employee list [] []
[2023-05-22 22:56:04] my_logger.INFO: Employee list [] []
[2023-05-22 22:59:46] my_logger.INFO: Employee list [] []
[2023-05-22 23:14:06] my_logger.INFO: Employee list [] []
[2023-05-22 23:15:30] my_logger.INFO: Employee list [] []
[2023-05-22 23:16:26] my_logger.INFO: Employee list [] []
[2023-05-22 23:17:47] my_logger.INFO: Employee list [] []
[2023-05-22 23:20:41] my_logger.INFO: Employee list [] []
[2023-05-22 23:20:43] my_logger.INFO: Employee list [] []
[2023-05-22 23:21:36] my_logger.INFO: Employee list [] []
[2023-05-22 23:21:38] my_logger.INFO: Employee list [] []
[2023-05-22 23:23:42] my_logger.INFO: Employee list [] []
[2023-05-22 23:25:14] my_logger.INFO: Employee list [] []
[2023-05-22 23:48:25] my_logger.INFO: Employee list [] []
[2023-05-22 23:50:06] my_logger.INFO: Employee list [] []
[2023-05-22 23:50:30] my_logger.INFO: Employee list [] []
[2023-05-22 23:50:48] my_logger.INFO: Employee list [] []
[2023-05-22 23:51:07] my_logger.INFO: Employee list [] []
[2023-05-22 23:52:03] my_logger.INFO: Employee list [] []
[2023-05-22 23:52:09] my_logger.INFO: Employee list [] []
[2023-05-22 23:53:02] my_logger.INFO: Employee list [] []
[2023-05-22 23:53:07] my_logger.INFO: Employee list [] []
[2023-05-22 23:53:15] my_logger.INFO: Employee list [] []
[2023-05-22 23:55:00] my_logger.INFO: Employee list [] []
[2023-05-22 23:57:26] my_logger.INFO: Employee list [] []
[2023-05-22 23:58:41] my_logger.INFO: Employee list [] []
[2023-05-23 00:02:32] my_logger.INFO: Employee list [] []
[2023-05-23 00:02:33] my_logger.INFO: Employee list [] []
[2023-05-23 00:03:11] my_logger.INFO: Employee list [] []
[2023-05-23 00:03:25] my_logger.INFO: Employee list [] []
[2023-05-23 00:17:55] my_logger.INFO: Employee list [] []
[2023-05-23 00:17:57] my_logger.INFO: Employee list [] []
[2023-05-23 00:19:39] my_logger.INFO: Employee list [] []
[2023-05-23 00:21:18] my_logger.INFO: Employee list [] []
[2023-05-23 00:23:20] my_logger.INFO: Employee list [] []
[2023-05-23 00:25:50] my_logger.INFO: Employee list [] []
[2023-05-23 00:41:25] my_logger.INFO: Employee list [] []
[2023-05-23 00:47:16] my_logger.INFO: Employee list [] []
[2023-05-23 00:47:53] my_logger.INFO: Employee list [] []
[2023-05-23 00:48:32] my_logger.INFO: Employee list [] []
[2023-05-23 00:50:39] my_logger.INFO: Employee list [] []
[2023-05-23 00:50:56] my_logger.INFO: Employee list [] []
[2023-05-23 00:50:57] my_logger.INFO: Employee list [] []
[2023-05-23 00:51:05] my_logger.INFO: Employee list [] []
[2023-05-23 00:51:39] my_logger.INFO: Employee list [] []
[2023-05-23 00:51:58] my_logger.INFO: Employee list [] []
[2023-05-23 00:52:18] my_logger.INFO: Employee list [] []
[2023-05-23 00:54:36] my_logger.INFO: Employee list [] []
[2023-05-23 00:55:15] my_logger.INFO: Employee list [] []
[2023-05-23 00:58:28] my_logger.INFO: Employee list [] []
[2023-05-23 01:08:59] my_logger.INFO: Employee list [] []
[2023-05-23 01:09:00] my_logger.INFO: Employee list [] []
[2023-05-23 01:17:45] my_logger.INFO: Employee list [] []
[2023-05-23 01:18:03] my_logger.INFO: Employee list [] []
[2023-05-23 01:28:53] my_logger.INFO: Employee list [] []
[2023-05-23 01:32:37] my_logger.INFO: Employee list [] []
[2023-05-23 01:32:47] my_logger.INFO: Employee list [] []
[2023-05-23 01:32:50] my_logger.INFO: Employee list [] []
[2023-05-23 01:33:06] my_logger.INFO: Employee list [] []
[2023-05-23 01:33:07] my_logger.INFO: Employee list [] []
[2023-05-23 01:33:10] my_logger.INFO: Employee list [] []
[2023-05-23 01:33:12] my_logger.INFO: Employee list [] []
[2023-05-23 01:33:58] my_logger.INFO: Employee list [] []
[2023-05-23 01:38:07] my_logger.INFO: Employee list [] []
[2023-05-23 01:38:18] my_logger.INFO: Employee list [] []
[2023-05-23 01:38:23] my_logger.INFO: Employee list [] []
[2023-05-23 01:39:03] my_logger.INFO: Employee list [] []
[2023-05-23 01:39:04] my_logger.INFO: Employee deleted [] []
[2023-05-23 01:39:09] my_logger.INFO: Employee deleted [] []
[2023-05-23 01:42:29] my_logger.INFO: Employee list [] []
[2023-05-23 01:42:31] my_logger.INFO: Employee deleted [] []
[2023-05-23 01:42:59] my_logger.INFO: Employee deleted [] []
[2023-05-23 01:43:01] my_logger.INFO: Employee list [] []
[2023-05-23 01:43:02] my_logger.INFO: Employee list [] []
[2023-05-23 01:43:04] my_logger.INFO: Employee list [] []
[2023-05-23 01:43:06] my_logger.INFO: Employee list [] []
[2023-05-23 01:43:12] my_logger.INFO: Employee deleted [] []
[2023-05-23 01:43:15] my_logger.INFO: Employee list [] []
[2023-05-23 01:43:18] my_logger.INFO: Employee deleted [] []
[2023-05-23 01:45:39] my_logger.INFO: Employee list [] []
[2023-05-23 01:45:41] my_logger.INFO: Employee deleted [] []
[2023-05-23 01:45:44] my_logger.INFO: Employee list [] []
[2023-05-23 01:45:46] my_logger.INFO: Employee deleted [] []
[2023-05-23 01:52:27] my_logger.INFO: Employee list [] []
[2023-05-23 01:52:29] my_logger.INFO: Employee list [] []
[2023-05-23 01:53:03] my_logger.INFO: Employee list [] []
[2023-05-23 01:53:26] my_logger.INFO: Employee list [] []
[2023-05-23 01:56:56] my_logger.INFO: Employee list [] []
[2023-05-23 01:57:04] my_logger.INFO: Employee list [] []
[2023-05-23 01:59:41] my_logger.INFO: Employee list [] []
[2023-05-23 02:00:27] my_logger.INFO: Employee list [] []
[2023-05-23 02:00:30] my_logger.INFO: Employee list [] []
[2023-05-23 02:03:36] my_logger.INFO: Employee list [] []
[2023-05-23 02:03:44] my_logger.INFO: Employee list [] []
[2023-05-23 02:05:44] my_logger.INFO: Employee list [] []
[2023-05-23 02:05:49] my_logger.INFO: Employee list [] []
[2023-05-23 02:07:35] my_logger.INFO: Employee list [] []
[2023-05-23 02:08:25] my_logger.INFO: Employee list [] []
[2023-05-23 02:08:26] my_logger.INFO: Employee list [] []
[2023-05-23 02:08:44] my_logger.INFO: Employee list [] []
[2023-05-23 02:08:47] my_logger.INFO: Employee deleted [] []
[2023-05-23 02:13:36] my_logger.INFO: Employee list [] []
[2023-05-23 02:13:41] my_logger.INFO: Employee deleted [] []
[2023-05-23 02:13:46] my_logger.INFO: Employee list [] []
[2023-05-23 02:14:04] my_logger.INFO: Employee deleted [] []
[2023-05-23 02:20:07] my_logger.INFO: Employee list [] []
[2023-05-23 10:08:38] my_logger.INFO: Employee list [] []
[2023-05-23 10:08:40] my_logger.INFO: Employee list [] []
[2023-05-23 10:10:08] my_logger.INFO: Employee list [] []
[2023-05-23 10:10:09] my_logger.INFO: Employee list [] []
[2023-05-23 10:10:26] my_logger.INFO: Employee list [] []
[2023-05-23 10:10:35] my_logger.INFO: Employee deleted [] []
[2023-05-23 10:20:40] my_logger.INFO: Employee list [] []
[2023-05-23 10:35:27] my_logger.INFO: Employee list [] []
[2023-05-23 10:36:11] my_logger.INFO: Employee list [] []
[2023-05-23 10:37:04] my_logger.INFO: Employee list [] []
[2023-05-23 10:45:13] my_logger.INFO: Employee list [] []
[2023-05-23 11:05:07] my_logger.INFO: Employee list [] []
[2023-05-23 11:09:07] my_logger.INFO: Employee list [] []
[2023-05-23 11:09:11] my_logger.INFO: Employee list [] []
[2023-05-23 11:17:26] my_logger.INFO: Employee list [] []
[2023-05-23 11:17:44] my_logger.INFO: Employee list [] []
[2023-05-23 11:28:18] my_logger.INFO: Employee list [] []
[2023-05-23 11:37:17] my_logger.INFO: Employee list [] []
[2023-05-23 11:37:19] my_logger.INFO: Employee list [] []
[2023-05-23 11:40:16] my_logger.INFO: Employee list [] []
[2023-05-23 11:40:40] my_logger.INFO: Employee list [] []
[2023-05-23 11:40:46] my_logger.INFO: Employee list [] []
[2023-05-23 11:43:47] my_logger.INFO: Employee list [] []
[2023-05-23 11:44:07] my_logger.INFO: Employee list [] []
[2023-05-23 11:48:41] my_logger.INFO: Employee list [] []
[2023-05-23 11:55:03] my_logger.INFO: Employee list [] []
[2023-05-23 11:55:35] my_logger.INFO: Employee list [] []
[2023-05-23 11:59:51] my_logger.INFO: Employee list [] []
[2023-05-23 12:05:31] my_logger.INFO: Employee list [] []
[2023-05-23 12:06:44] my_logger.INFO: Employee list [] []
[2023-05-23 12:07:40] my_logger.INFO: Employee list [] []
[2023-05-23 12:22:21] my_logger.INFO: Employee list [] []
[2023-05-23 12:22:26] my_logger.INFO: Employee list [] []
[2023-05-23 12:25:10] my_logger.INFO: Employee list [] []
[2023-05-23 12:41:23] my_logger.INFO: Employee list [] []
[2023-05-23 12:41:32] my_logger.INFO: Employee list [] []
[2023-05-23 12:42:01] my_logger.INFO: Employee list [] []
[2023-05-23 12:42:25] my_logger.INFO: Employee list [] []
[2023-05-23 12:44:00] my_logger.INFO: Employee list [] []
[2023-05-23 12:47:15] my_logger.INFO: Employee list [] []
[2023-05-23 12:47:16] my_logger.INFO: Employee list [] []
[2023-05-23 12:48:35] my_logger.INFO: Employee list [] []
[2023-05-23 12:48:49] my_logger.INFO: Employee list [] []
[2023-05-23 12:49:03] my_logger.INFO: Employee list [] []
[2023-05-23 12:49:18] my_logger.INFO: Employee list [] []
[2023-05-23 12:50:14] my_logger.INFO: Employee list [] []
[2023-05-23 12:50:25] my_logger.INFO: Employee list [] []
[2023-05-23 12:51:03] my_logger.INFO: Employee list [] []
[2023-05-23 12:51:05] my_logger.INFO: Employee list [] []
[2023-05-23 12:53:21] my_logger.INFO: Employee list [] []
[2023-05-23 12:53:31] my_logger.INFO: Employee list [] []
[2023-05-23 13:00:53] my_logger.INFO: Employee list [] []
[2023-05-23 13:01:23] my_logger.INFO: Employee list [] []
[2023-05-23 13:02:51] my_logger.INFO: Employee list [] []
[2023-05-23 13:02:53] my_logger.INFO: Employee list [] []
[2023-05-23 13:03:14] my_logger.INFO: Employee list [] []
[2023-05-23 13:03:23] my_logger.INFO: Employee list [] []
[2023-05-23 13:04:05] my_logger.INFO: Employee list [] []
[2023-05-23 13:04:20] my_logger.INFO: Employee list [] []
[2023-05-23 13:04:38] my_logger.INFO: Employee list [] []
[2023-05-23 13:15:03] my_logger.INFO: Employee list [] []
[2023-05-23 13:36:04] my_logger.INFO: Employee list [] []
[2023-05-23 13:36:05] my_logger.INFO: Employee list [] []
[2023-05-23 13:37:33] my_logger.INFO: Employee list [] []
[2023-05-23 13:38:57] my_logger.INFO: Employee list [] []
[2023-05-23 13:41:01] my_logger.INFO: Employee list [] []
[2023-05-23 13:42:09] my_logger.INFO: Employee list [] []
[2023-05-23 13:46:39] my_logger.INFO: Employee list [] []
[2023-05-23 13:55:13] my_logger.INFO: Employee list [] []
[2023-05-23 13:55:55] my_logger.INFO: Employee list [] []
[2023-05-23 13:56:23] my_logger.INFO: Employee list [] []
[2023-05-23 13:58:40] my_logger.INFO: Employee list [] []
[2023-05-23 13:58:53] my_logger.INFO: Employee list [] []
[2023-05-23 13:59:10] my_logger.INFO: Employee list [] []
[2023-05-23 14:00:05] my_logger.INFO: Employee list [] []
[2023-05-23 14:01:18] my_logger.INFO: Employee list [] []
[2023-05-23 14:10:54] my_logger.INFO: Employee list [] []
[2023-05-23 14:11:27] my_logger.INFO: Employee list [] []
[2023-05-23 14:11:53] my_logger.INFO: Employee list [] []
[2023-05-23 14:12:17] my_logger.INFO: Employee list [] []
[2023-05-23 14:13:41] my_logger.INFO: Employee list [] []
[2023-05-23 14:13:46] my_logger.INFO: Employee list [] []
[2023-05-23 14:15:43] my_logger.INFO: Employee list [] []
[2023-05-23 14:19:41] my_logger.INFO: Employee list [] []
[2023-05-23 14:22:55] my_logger.INFO: Employee list [] []
[2023-05-23 14:23:55] my_logger.INFO: Employee list [] []
[2023-05-23 14:24:23] my_logger.INFO: Employee list [] []
[2023-05-23 14:24:35] my_logger.INFO: Employee list [] []
[2023-05-23 14:25:07] my_logger.INFO: Employee list [] []
[2023-05-23 14:28:30] my_logger.INFO: Employee list [] []
[2023-05-23 14:29:55] my_logger.INFO: Employee list [] []
[2023-05-23 14:29:56] my_logger.INFO: Employee list [] []
[2023-05-23 14:32:59] my_logger.INFO: Employee list [] []
[2023-05-23 14:35:21] my_logger.INFO: Employee list [] []
[2023-05-23 14:35:35] my_logger.INFO: Employee list [] []
[2023-05-23 14:36:18] my_logger.INFO: Employee list [] []
[2023-05-23 14:36:37] my_logger.INFO: Employee list [] []
[2023-05-23 14:36:45] my_logger.INFO: Employee list [] []
[2023-05-23 14:38:07] my_logger.INFO: Employee list [] []
[2023-05-23 14:38:19] my_logger.INFO: Employee list [] []
[2023-05-23 14:38:38] my_logger.INFO: Employee list [] []
[2023-05-23 14:44:38] my_logger.INFO: Employee list [] []
[2023-05-23 14:46:41] my_logger.INFO: Employee list [] []
[2023-05-23 14:46:47] my_logger.INFO: Employee list [] []
[2023-05-23 14:49:17] my_logger.INFO: Employee list [] []
[2023-05-23 14:49:19] my_logger.INFO: Employee list [] []
[2023-05-23 14:49:44] my_logger.INFO: Employee list [] []
[2023-05-23 14:49:59] my_logger.INFO: Employee list [] []
[2023-05-23 14:50:06] my_logger.INFO: Employee list [] []
[2023-05-23 14:50:52] my_logger.INFO: Employee list [] []
[2023-05-23 14:51:12] my_logger.INFO: Employee list [] []
[2023-05-23 14:53:59] my_logger.INFO: Employee list [] []
[2023-05-23 14:56:22] my_logger.INFO: Employee list [] []
[2023-05-23 14:56:33] my_logger.INFO: Employee list [] []
[2023-05-23 14:56:34] my_logger.INFO: Employee list [] []
[2023-05-23 14:56:36] my_logger.INFO: Employee list [] []
[2023-05-23 14:56:48] my_logger.INFO: Employee list [] []
[2023-05-23 14:57:43] my_logger.INFO: Employee list [] []
[2023-05-23 14:59:51] my_logger.INFO: Employee list [] []
[2023-05-23 15:00:01] my_logger.INFO: Employee list [] []
[2023-05-23 15:00:18] my_logger.INFO: Employee list [] []
[2023-05-23 15:00:28] my_logger.INFO: Employee list [] []
[2023-05-23 15:00:43] my_logger.INFO: Employee list [] []
[2023-05-23 15:02:37] my_logger.INFO: Employee list [] []
[2023-05-23 15:02:49] my_logger.INFO: Employee list [] []
[2023-05-23 15:02:52] my_logger.INFO: Employee list [] []
[2023-05-23 15:03:03] my_logger.INFO: Employee list [] []
[2023-05-23 15:03:17] my_logger.INFO: Employee list [] []
[2023-05-23 15:03:26] my_logger.INFO: Employee list [] []
[2023-05-23 15:04:27] my_logger.INFO: Employee list [] []
[2023-05-23 15:04:35] my_logger.INFO: Employee list [] []
[2023-05-23 15:10:38] my_logger.INFO: Employee list [] []
[2023-05-23 15:18:51] my_logger.INFO: Employee list [] []
[2023-05-23 15:25:57] my_logger.INFO: Employee list [] []
[2023-05-23 15:26:31] my_logger.INFO: Employee list [] []
[2023-05-23 15:26:40] my_logger.INFO: Employee list [] []
[2023-05-23 15:37:58] my_logger.INFO: Employee list [] []
[2023-05-23 15:38:04] my_logger.INFO: Employee deleted [] []
[2023-05-23 15:38:18] my_logger.INFO: Employee list [] []
[2023-05-23 15:39:13] my_logger.INFO: Employee list [] []
[2023-05-23 15:39:20] my_logger.INFO: Employee list [] []
[2023-05-23 15:39:24] my_logger.INFO: Employee deleted [] []
[2023-05-23 15:39:24] my_logger.INFO: Employee list [] []
[2023-05-23 15:39:26] my_logger.INFO: Employee list [] []
[2023-05-23 15:39:41] my_logger.INFO: Employee list [] []
[2023-05-23 15:39:57] my_logger.INFO: Employee deleted [] []
[2023-05-23 15:39:57] my_logger.INFO: Employee list [] []
[2023-05-23 15:41:25] my_logger.INFO: Employee list [] []
[2023-05-23 15:44:53] my_logger.INFO: Employee list [] []
[2023-05-23 15:50:55] my_logger.INFO: Employee list [] []
[2023-05-23 15:51:07] my_logger.INFO: Employee deleted [] []
[2023-05-23 15:51:07] my_logger.INFO: Employee list [] []
[2023-05-23 15:51:09] my_logger.INFO: Employee deleted [] []
[2023-05-23 15:51:09] my_logger.INFO: Employee list [] []
[2023-05-23 15:51:09] my_logger.INFO: Employee deleted [] []
[2023-05-23 15:51:09] my_logger.INFO: Employee list [] []
[2023-05-23 15:51:10] my_logger.INFO: Employee deleted [] []
[2023-05-23 15:51:10] my_logger.INFO: Employee list [] []
[2023-05-23 15:51:10] my_logger.INFO: Employee deleted [] []
[2023-05-23 15:51:10] my_logger.INFO: Employee list [] []
[2023-05-23 15:51:11] my_logger.INFO: Employee deleted [] []
[2023-05-23 15:51:11] my_logger.INFO: Employee list [] []
[2023-05-23 15:52:09] my_logger.INFO: Employee list [] []
